   1               		.file	"ultrasonicStuffs.c"
   2               	__SP_H__ = 0x3e
   3               	__SP_L__ = 0x3d
   4               	__SREG__ = 0x3f
   5               	__tmp_reg__ = 0
   6               	__zero_reg__ = 1
   8               		.text
   9               	.Ltext0:
 119               	.global	make40K
 121               	make40K:
   1:/Users/Roger/Library/Mobile Documents/com~apple~CloudDocs/Firmwares/XAVR/smart_trap_ultrasonic/Smart_trap_sonic/Smart_trap_sonic/ultrasonicStuffs.c **** //
   2:/Users/Roger/Library/Mobile Documents/com~apple~CloudDocs/Firmwares/XAVR/smart_trap_ultrasonic/Smart_trap_sonic/Smart_trap_sonic/ultrasonicStuffs.c **** /*
   3:/Users/Roger/Library/Mobile Documents/com~apple~CloudDocs/Firmwares/XAVR/smart_trap_ultrasonic/Smart_trap_sonic/Smart_trap_sonic/ultrasonicStuffs.c ****  There is already a lot happening in Timers and so I'll put everything here that's specific to the 
   4:/Users/Roger/Library/Mobile Documents/com~apple~CloudDocs/Firmwares/XAVR/smart_trap_ultrasonic/Smart_trap_sonic/Smart_trap_sonic/ultrasonicStuffs.c ****  
   5:/Users/Roger/Library/Mobile Documents/com~apple~CloudDocs/Firmwares/XAVR/smart_trap_ultrasonic/Smart_trap_sonic/Smart_trap_sonic/ultrasonicStuffs.c **** - At 25mS into my 50mS rollover, I'll set up Timer1 to drive a 40kHz pulse train onto the TX Xducer
   6:/Users/Roger/Library/Mobile Documents/com~apple~CloudDocs/Firmwares/XAVR/smart_trap_ultrasonic/Smart_trap_sonic/Smart_trap_sonic/ultrasonicStuffs.c ****  
   7:/Users/Roger/Library/Mobile Documents/com~apple~CloudDocs/Firmwares/XAVR/smart_trap_ultrasonic/Smart_trap_sonic/Smart_trap_sonic/ultrasonicStuffs.c ****  -So after 200uS of pulsing 40kHz, I will shut down XMIT, clear TCNT1 and turn on Timer1 in normal 
   8:/Users/Roger/Library/Mobile Documents/com~apple~CloudDocs/Firmwares/XAVR/smart_trap_ultrasonic/Smart_trap_sonic/Smart_trap_sonic/ultrasonicStuffs.c ****  
   9:/Users/Roger/Library/Mobile Documents/com~apple~CloudDocs/Firmwares/XAVR/smart_trap_ultrasonic/Smart_trap_sonic/Smart_trap_sonic/ultrasonicStuffs.c ****  //
  10:/Users/Roger/Library/Mobile Documents/com~apple~CloudDocs/Firmwares/XAVR/smart_trap_ultrasonic/Smart_trap_sonic/Smart_trap_sonic/ultrasonicStuffs.c ****  
  11:/Users/Roger/Library/Mobile Documents/com~apple~CloudDocs/Firmwares/XAVR/smart_trap_ultrasonic/Smart_trap_sonic/Smart_trap_sonic/ultrasonicStuffs.c ****  */
  12:/Users/Roger/Library/Mobile Documents/com~apple~CloudDocs/Firmwares/XAVR/smart_trap_ultrasonic/Smart_trap_sonic/Smart_trap_sonic/ultrasonicStuffs.c **** 
  13:/Users/Roger/Library/Mobile Documents/com~apple~CloudDocs/Firmwares/XAVR/smart_trap_ultrasonic/Smart_trap_sonic/Smart_trap_sonic/ultrasonicStuffs.c **** #include "NRF24_lib.h"
  14:/Users/Roger/Library/Mobile Documents/com~apple~CloudDocs/Firmwares/XAVR/smart_trap_ultrasonic/Smart_trap_sonic/Smart_trap_sonic/ultrasonicStuffs.c **** #include "ultrasonicStuffs.h"
  15:/Users/Roger/Library/Mobile Documents/com~apple~CloudDocs/Firmwares/XAVR/smart_trap_ultrasonic/Smart_trap_sonic/Smart_trap_sonic/ultrasonicStuffs.c **** 
  16:/Users/Roger/Library/Mobile Documents/com~apple~CloudDocs/Firmwares/XAVR/smart_trap_ultrasonic/Smart_trap_sonic/Smart_trap_sonic/ultrasonicStuffs.c **** 
  17:/Users/Roger/Library/Mobile Documents/com~apple~CloudDocs/Firmwares/XAVR/smart_trap_ultrasonic/Smart_trap_sonic/Smart_trap_sonic/ultrasonicStuffs.c **** static u8 mode = pulseGen; //pulseGen is for making pulses, Counter is for waiting.  The compare ma
  18:/Users/Roger/Library/Mobile Documents/com~apple~CloudDocs/Firmwares/XAVR/smart_trap_ultrasonic/Smart_trap_sonic/Smart_trap_sonic/ultrasonicStuffs.c **** 
  19:/Users/Roger/Library/Mobile Documents/com~apple~CloudDocs/Firmwares/XAVR/smart_trap_ultrasonic/Smart_trap_sonic/Smart_trap_sonic/ultrasonicStuffs.c **** 
  20:/Users/Roger/Library/Mobile Documents/com~apple~CloudDocs/Firmwares/XAVR/smart_trap_ultrasonic/Smart_trap_sonic/Smart_trap_sonic/ultrasonicStuffs.c **** 
  21:/Users/Roger/Library/Mobile Documents/com~apple~CloudDocs/Firmwares/XAVR/smart_trap_ultrasonic/Smart_trap_sonic/Smart_trap_sonic/ultrasonicStuffs.c **** 
  22:/Users/Roger/Library/Mobile Documents/com~apple~CloudDocs/Firmwares/XAVR/smart_trap_ultrasonic/Smart_trap_sonic/Smart_trap_sonic/ultrasonicStuffs.c **** 
  23:/Users/Roger/Library/Mobile Documents/com~apple~CloudDocs/Firmwares/XAVR/smart_trap_ultrasonic/Smart_trap_sonic/Smart_trap_sonic/ultrasonicStuffs.c **** ISR(TIMER1_COMPA_vect){ //Will use this to keep track of how many times the 40K pulser has pulsed o
  24:/Users/Roger/Library/Mobile Documents/com~apple~CloudDocs/Firmwares/XAVR/smart_trap_ultrasonic/Smart_trap_sonic/Smart_trap_sonic/ultrasonicStuffs.c ****     
  25:/Users/Roger/Library/Mobile Documents/com~apple~CloudDocs/Firmwares/XAVR/smart_trap_ultrasonic/Smart_trap_sonic/Smart_trap_sonic/ultrasonicStuffs.c **** static u8 pulsecounts = 0;
  26:/Users/Roger/Library/Mobile Documents/com~apple~CloudDocs/Firmwares/XAVR/smart_trap_ultrasonic/Smart_trap_sonic/Smart_trap_sonic/ultrasonicStuffs.c ****     
  27:/Users/Roger/Library/Mobile Documents/com~apple~CloudDocs/Firmwares/XAVR/smart_trap_ultrasonic/Smart_trap_sonic/Smart_trap_sonic/ultrasonicStuffs.c ****     if(mode == pulseGen){
  28:/Users/Roger/Library/Mobile Documents/com~apple~CloudDocs/Firmwares/XAVR/smart_trap_ultrasonic/Smart_trap_sonic/Smart_trap_sonic/ultrasonicStuffs.c ****         pulsecounts ++;
  29:/Users/Roger/Library/Mobile Documents/com~apple~CloudDocs/Firmwares/XAVR/smart_trap_ultrasonic/Smart_trap_sonic/Smart_trap_sonic/ultrasonicStuffs.c ****       
  30:/Users/Roger/Library/Mobile Documents/com~apple~CloudDocs/Firmwares/XAVR/smart_trap_ultrasonic/Smart_trap_sonic/Smart_trap_sonic/ultrasonicStuffs.c ****         if(pulsecounts >= 16){  //after 8 pulses of the 40Khz
  31:/Users/Roger/Library/Mobile Documents/com~apple~CloudDocs/Firmwares/XAVR/smart_trap_ultrasonic/Smart_trap_sonic/Smart_trap_sonic/ultrasonicStuffs.c ****             pulsecounts = 0;
  32:/Users/Roger/Library/Mobile Documents/com~apple~CloudDocs/Firmwares/XAVR/smart_trap_ultrasonic/Smart_trap_sonic/Smart_trap_sonic/ultrasonicStuffs.c ****             TCCR1A = 0; //give control back to PORT
  33:/Users/Roger/Library/Mobile Documents/com~apple~CloudDocs/Firmwares/XAVR/smart_trap_ultrasonic/Smart_trap_sonic/Smart_trap_sonic/ultrasonicStuffs.c ****             TCCR1B = 0; //kill timer input
  34:/Users/Roger/Library/Mobile Documents/com~apple~CloudDocs/Firmwares/XAVR/smart_trap_ultrasonic/Smart_trap_sonic/Smart_trap_sonic/ultrasonicStuffs.c ****             mode = Counter;//end of what to do if mode = Pulsegen
  35:/Users/Roger/Library/Mobile Documents/com~apple~CloudDocs/Firmwares/XAVR/smart_trap_ultrasonic/Smart_trap_sonic/Smart_trap_sonic/ultrasonicStuffs.c ****             wait4Rebound();
  36:/Users/Roger/Library/Mobile Documents/com~apple~CloudDocs/Firmwares/XAVR/smart_trap_ultrasonic/Smart_trap_sonic/Smart_trap_sonic/ultrasonicStuffs.c ****         }   //end of what do after 8 pulses
  37:/Users/Roger/Library/Mobile Documents/com~apple~CloudDocs/Firmwares/XAVR/smart_trap_ultrasonic/Smart_trap_sonic/Smart_trap_sonic/ultrasonicStuffs.c ****     } else{ //end of what to do if mode = Pulsegen, start of what to do if mode == Counter
  38:/Users/Roger/Library/Mobile Documents/com~apple~CloudDocs/Firmwares/XAVR/smart_trap_ultrasonic/Smart_trap_sonic/Smart_trap_sonic/ultrasonicStuffs.c ****         //this is the state I'll get to if I've set up Timer1 to interrupt after ~2.04mS and it has
  39:/Users/Roger/Library/Mobile Documents/com~apple~CloudDocs/Firmwares/XAVR/smart_trap_ultrasonic/Smart_trap_sonic/Smart_trap_sonic/ultrasonicStuffs.c ****         clr_tp1
  40:/Users/Roger/Library/Mobile Documents/com~apple~CloudDocs/Firmwares/XAVR/smart_trap_ultrasonic/Smart_trap_sonic/Smart_trap_sonic/ultrasonicStuffs.c ****         
  41:/Users/Roger/Library/Mobile Documents/com~apple~CloudDocs/Firmwares/XAVR/smart_trap_ultrasonic/Smart_trap_sonic/Smart_trap_sonic/ultrasonicStuffs.c ****         TCCR1B = 0; //kill timer source for now, it will be re-enabled the next time 'make40K' is c
  42:/Users/Roger/Library/Mobile Documents/com~apple~CloudDocs/Firmwares/XAVR/smart_trap_ultrasonic/Smart_trap_sonic/Smart_trap_sonic/ultrasonicStuffs.c ****         mode = pulseGen;
  43:/Users/Roger/Library/Mobile Documents/com~apple~CloudDocs/Firmwares/XAVR/smart_trap_ultrasonic/Smart_trap_sonic/Smart_trap_sonic/ultrasonicStuffs.c ****     }
  44:/Users/Roger/Library/Mobile Documents/com~apple~CloudDocs/Firmwares/XAVR/smart_trap_ultrasonic/Smart_trap_sonic/Smart_trap_sonic/ultrasonicStuffs.c **** 
  45:/Users/Roger/Library/Mobile Documents/com~apple~CloudDocs/Firmwares/XAVR/smart_trap_ultrasonic/Smart_trap_sonic/Smart_trap_sonic/ultrasonicStuffs.c **** } //end of ISR
  46:/Users/Roger/Library/Mobile Documents/com~apple~CloudDocs/Firmwares/XAVR/smart_trap_ultrasonic/Smart_trap_sonic/Smart_trap_sonic/ultrasonicStuffs.c **** 
  47:/Users/Roger/Library/Mobile Documents/com~apple~CloudDocs/Firmwares/XAVR/smart_trap_ultrasonic/Smart_trap_sonic/Smart_trap_sonic/ultrasonicStuffs.c **** 
  48:/Users/Roger/Library/Mobile Documents/com~apple~CloudDocs/Firmwares/XAVR/smart_trap_ultrasonic/Smart_trap_sonic/Smart_trap_sonic/ultrasonicStuffs.c **** 
  49:/Users/Roger/Library/Mobile Documents/com~apple~CloudDocs/Firmwares/XAVR/smart_trap_ultrasonic/Smart_trap_sonic/Smart_trap_sonic/ultrasonicStuffs.c **** void make40K(void){
 123               	.LM0:
 124               	.LFBB1:
 125               	/* prologue: function */
 126               	/* frame size = 0 */
 127               	/* stack size = 0 */
 128               	.L__stack_usage = 0
  50:/Users/Roger/Library/Mobile Documents/com~apple~CloudDocs/Firmwares/XAVR/smart_trap_ultrasonic/Smart_trap_sonic/Smart_trap_sonic/ultrasonicStuffs.c ****     set_tp1
 130               	.LM1:
 131 0000 439A      		sbi 0x8,3
  51:/Users/Roger/Library/Mobile Documents/com~apple~CloudDocs/Firmwares/XAVR/smart_trap_ultrasonic/Smart_trap_sonic/Smart_trap_sonic/ultrasonicStuffs.c ****     TCNT1 = 0;  //start fresh
 133               	.LM2:
 134 0002 1092 8500 		sts 132+1,__zero_reg__
 135 0006 1092 8400 		sts 132,__zero_reg__
  52:/Users/Roger/Library/Mobile Documents/com~apple~CloudDocs/Firmwares/XAVR/smart_trap_ultrasonic/Smart_trap_sonic/Smart_trap_sonic/ultrasonicStuffs.c ****     TIFR1 |= (1<<OCR1A);    //clear interrupt flag for Timer1 Compare A
 137               	.LM3:
 138 000a E8E8      		ldi r30,lo8(-120)
 139 000c F0E0      		ldi r31,0
 140 000e 4081      		ld r20,Z
 141 0010 5181      		ldd r21,Z+1
 142 0012 26B3      		in r18,0x16
 143 0014 81E0      		ldi r24,lo8(1)
 144 0016 90E0      		ldi r25,0
 145 0018 00C0      		rjmp 2f
 146               		1:
 147 001a 880F      		lsl r24
 148               		2:
 149 001c 4A95      		dec r20
 150 001e 02F4      		brpl 1b
 151 0020 822B      		or r24,r18
 152 0022 86BB      		out 0x16,r24
  53:/Users/Roger/Library/Mobile Documents/com~apple~CloudDocs/Firmwares/XAVR/smart_trap_ultrasonic/Smart_trap_sonic/Smart_trap_sonic/ultrasonicStuffs.c ****     TIMSK1 |= (1<<OCIE1A);  //enable interrupt
 154               	.LM4:
 155 0024 AFE6      		ldi r26,lo8(111)
 156 0026 B0E0      		ldi r27,0
 157 0028 8C91      		ld r24,X
 158 002a 8260      		ori r24,lo8(2)
 159 002c 8C93      		st X,r24
  54:/Users/Roger/Library/Mobile Documents/com~apple~CloudDocs/Firmwares/XAVR/smart_trap_ultrasonic/Smart_trap_sonic/Smart_trap_sonic/ultrasonicStuffs.c ****     OCR1A = 100;    //with no prescaler and a compare match value of 100, this should give me a CTC
 161               	.LM5:
 162 002e 84E6      		ldi r24,lo8(100)
 163 0030 90E0      		ldi r25,0
 164 0032 9183      		std Z+1,r25
 165 0034 8083      		st Z,r24
  55:/Users/Roger/Library/Mobile Documents/com~apple~CloudDocs/Firmwares/XAVR/smart_trap_ultrasonic/Smart_trap_sonic/Smart_trap_sonic/ultrasonicStuffs.c ****     TCCR1A = (1<< COM1B0);  //set up OC1B to toggle on CTC match
 167               	.LM6:
 168 0036 80E1      		ldi r24,lo8(16)
 169 0038 8093 8000 		sts 128,r24
  56:/Users/Roger/Library/Mobile Documents/com~apple~CloudDocs/Firmwares/XAVR/smart_trap_ultrasonic/Smart_trap_sonic/Smart_trap_sonic/ultrasonicStuffs.c ****     TCCR1B =   (1 << WGM12) | (1 << CS10);  //set CTC with OCR1A as compare value and a prescaler o
 171               	.LM7:
 172 003c 89E0      		ldi r24,lo8(9)
 173 003e 8093 8100 		sts 129,r24
  57:/Users/Roger/Library/Mobile Documents/com~apple~CloudDocs/Firmwares/XAVR/smart_trap_ultrasonic/Smart_trap_sonic/Smart_trap_sonic/ultrasonicStuffs.c ****       led2_on
 175               	.LM8:
 176 0042 419A      		sbi 0x8,1
 177 0044 0895      		ret
 179               	.Lscope1:
 181               	.global	wait4Rebound
 183               	wait4Rebound:
  58:/Users/Roger/Library/Mobile Documents/com~apple~CloudDocs/Firmwares/XAVR/smart_trap_ultrasonic/Smart_trap_sonic/Smart_trap_sonic/ultrasonicStuffs.c **** 
  59:/Users/Roger/Library/Mobile Documents/com~apple~CloudDocs/Firmwares/XAVR/smart_trap_ultrasonic/Smart_trap_sonic/Smart_trap_sonic/ultrasonicStuffs.c **** }
  60:/Users/Roger/Library/Mobile Documents/com~apple~CloudDocs/Firmwares/XAVR/smart_trap_ultrasonic/Smart_trap_sonic/Smart_trap_sonic/ultrasonicStuffs.c **** 
  61:/Users/Roger/Library/Mobile Documents/com~apple~CloudDocs/Firmwares/XAVR/smart_trap_ultrasonic/Smart_trap_sonic/Smart_trap_sonic/ultrasonicStuffs.c **** 
  62:/Users/Roger/Library/Mobile Documents/com~apple~CloudDocs/Firmwares/XAVR/smart_trap_ultrasonic/Smart_trap_sonic/Smart_trap_sonic/ultrasonicStuffs.c ****  
  63:/Users/Roger/Library/Mobile Documents/com~apple~CloudDocs/Firmwares/XAVR/smart_trap_ultrasonic/Smart_trap_sonic/Smart_trap_sonic/ultrasonicStuffs.c ****  
  64:/Users/Roger/Library/Mobile Documents/com~apple~CloudDocs/Firmwares/XAVR/smart_trap_ultrasonic/Smart_trap_sonic/Smart_trap_sonic/ultrasonicStuffs.c ****  
  65:/Users/Roger/Library/Mobile Documents/com~apple~CloudDocs/Firmwares/XAVR/smart_trap_ultrasonic/Smart_trap_sonic/Smart_trap_sonic/ultrasonicStuffs.c ****  void wait4Rebound(void){
 185               	.LM9:
 186               	.LFBB2:
 187               	/* prologue: function */
 188               	/* frame size = 0 */
 189               	/* stack size = 0 */
 190               	.L__stack_usage = 0
  66:/Users/Roger/Library/Mobile Documents/com~apple~CloudDocs/Firmwares/XAVR/smart_trap_ultrasonic/Smart_trap_sonic/Smart_trap_sonic/ultrasonicStuffs.c ****     //TODO: set up T1 for normal mode, enable interrupt on falling edge of INT0
  67:/Users/Roger/Library/Mobile Documents/com~apple~CloudDocs/Firmwares/XAVR/smart_trap_ultrasonic/Smart_trap_sonic/Smart_trap_sonic/ultrasonicStuffs.c ****      TCNT1 = 0; //reset counter to start fresh
 192               	.LM10:
 193 0046 1092 8500 		sts 132+1,__zero_reg__
 194 004a 1092 8400 		sts 132,__zero_reg__
  68:/Users/Roger/Library/Mobile Documents/com~apple~CloudDocs/Firmwares/XAVR/smart_trap_ultrasonic/Smart_trap_sonic/Smart_trap_sonic/ultrasonicStuffs.c ****      OCR1A = 255;   //8uS period counting to 255 = 2.04mS
 196               	.LM11:
 197 004e 8FEF      		ldi r24,lo8(-1)
 198 0050 90E0      		ldi r25,0
 199 0052 9093 8900 		sts 136+1,r25
 200 0056 8093 8800 		sts 136,r24
  69:/Users/Roger/Library/Mobile Documents/com~apple~CloudDocs/Firmwares/XAVR/smart_trap_ultrasonic/Smart_trap_sonic/Smart_trap_sonic/ultrasonicStuffs.c ****      TCCR1B = (1 << CS10) | (1<< CS11); //give me a /64 prescaler
 202               	.LM12:
 203 005a 83E0      		ldi r24,lo8(3)
 204 005c 8093 8100 		sts 129,r24
 205 0060 0895      		ret
 207               	.Lscope2:
 209               	.global	__vector_11
 211               	__vector_11:
  23:/Users/Roger/Library/Mobile Documents/com~apple~CloudDocs/Firmwares/XAVR/smart_trap_ultrasonic/Smart_trap_sonic/Smart_trap_sonic/ultrasonicStuffs.c ****     
 213               	.LM13:
 214               	.LFBB3:
 215 0062 1F92      		push r1
 216 0064 0F92      		push r0
 217 0066 0FB6      		in r0,__SREG__
 218 0068 0F92      		push r0
 219 006a 1124      		clr __zero_reg__
 220 006c 2F93      		push r18
 221 006e 3F93      		push r19
 222 0070 4F93      		push r20
 223 0072 5F93      		push r21
 224 0074 6F93      		push r22
 225 0076 7F93      		push r23
 226 0078 8F93      		push r24
 227 007a 9F93      		push r25
 228 007c AF93      		push r26
 229 007e BF93      		push r27
 230 0080 EF93      		push r30
 231 0082 FF93      		push r31
 232               	/* prologue: Signal */
 233               	/* frame size = 0 */
 234               	/* stack size = 15 */
 235               	.L__stack_usage = 15
  27:/Users/Roger/Library/Mobile Documents/com~apple~CloudDocs/Firmwares/XAVR/smart_trap_ultrasonic/Smart_trap_sonic/Smart_trap_sonic/ultrasonicStuffs.c ****         pulsecounts ++;
 237               	.LM14:
 238 0084 8091 0000 		lds r24,mode
 239 0088 8111      		cpse r24,__zero_reg__
 240 008a 00C0      		rjmp .L4
  28:/Users/Roger/Library/Mobile Documents/com~apple~CloudDocs/Firmwares/XAVR/smart_trap_ultrasonic/Smart_trap_sonic/Smart_trap_sonic/ultrasonicStuffs.c ****       
 242               	.LM15:
 243 008c 8091 0000 		lds r24,pulsecounts.1902
 244 0090 8F5F      		subi r24,lo8(-(1))
  30:/Users/Roger/Library/Mobile Documents/com~apple~CloudDocs/Firmwares/XAVR/smart_trap_ultrasonic/Smart_trap_sonic/Smart_trap_sonic/ultrasonicStuffs.c ****             pulsecounts = 0;
 246               	.LM16:
 247 0092 8031      		cpi r24,lo8(16)
 248 0094 00F4      		brsh .L5
  28:/Users/Roger/Library/Mobile Documents/com~apple~CloudDocs/Firmwares/XAVR/smart_trap_ultrasonic/Smart_trap_sonic/Smart_trap_sonic/ultrasonicStuffs.c ****       
 250               	.LM17:
 251 0096 8093 0000 		sts pulsecounts.1902,r24
 252 009a 00C0      		rjmp .L3
 253               	.L5:
  31:/Users/Roger/Library/Mobile Documents/com~apple~CloudDocs/Firmwares/XAVR/smart_trap_ultrasonic/Smart_trap_sonic/Smart_trap_sonic/ultrasonicStuffs.c ****             TCCR1A = 0; //give control back to PORT
 255               	.LM18:
 256 009c 1092 0000 		sts pulsecounts.1902,__zero_reg__
  32:/Users/Roger/Library/Mobile Documents/com~apple~CloudDocs/Firmwares/XAVR/smart_trap_ultrasonic/Smart_trap_sonic/Smart_trap_sonic/ultrasonicStuffs.c ****             TCCR1B = 0; //kill timer input
 258               	.LM19:
 259 00a0 1092 8000 		sts 128,__zero_reg__
  33:/Users/Roger/Library/Mobile Documents/com~apple~CloudDocs/Firmwares/XAVR/smart_trap_ultrasonic/Smart_trap_sonic/Smart_trap_sonic/ultrasonicStuffs.c ****             mode = Counter;//end of what to do if mode = Pulsegen
 261               	.LM20:
 262 00a4 1092 8100 		sts 129,__zero_reg__
  34:/Users/Roger/Library/Mobile Documents/com~apple~CloudDocs/Firmwares/XAVR/smart_trap_ultrasonic/Smart_trap_sonic/Smart_trap_sonic/ultrasonicStuffs.c ****             wait4Rebound();
 264               	.LM21:
 265 00a8 81E0      		ldi r24,lo8(1)
 266 00aa 8093 0000 		sts mode,r24
  35:/Users/Roger/Library/Mobile Documents/com~apple~CloudDocs/Firmwares/XAVR/smart_trap_ultrasonic/Smart_trap_sonic/Smart_trap_sonic/ultrasonicStuffs.c ****         }   //end of what do after 8 pulses
 268               	.LM22:
 269 00ae 0E94 0000 		call wait4Rebound
 270 00b2 00C0      		rjmp .L3
 271               	.L4:
  39:/Users/Roger/Library/Mobile Documents/com~apple~CloudDocs/Firmwares/XAVR/smart_trap_ultrasonic/Smart_trap_sonic/Smart_trap_sonic/ultrasonicStuffs.c ****         
 273               	.LM23:
 274 00b4 4398      		cbi 0x8,3
  41:/Users/Roger/Library/Mobile Documents/com~apple~CloudDocs/Firmwares/XAVR/smart_trap_ultrasonic/Smart_trap_sonic/Smart_trap_sonic/ultrasonicStuffs.c ****         mode = pulseGen;
 276               	.LM24:
 277 00b6 1092 8100 		sts 129,__zero_reg__
  42:/Users/Roger/Library/Mobile Documents/com~apple~CloudDocs/Firmwares/XAVR/smart_trap_ultrasonic/Smart_trap_sonic/Smart_trap_sonic/ultrasonicStuffs.c ****     }
 279               	.LM25:
 280 00ba 1092 0000 		sts mode,__zero_reg__
 281               	.L3:
 282               	/* epilogue start */
  45:/Users/Roger/Library/Mobile Documents/com~apple~CloudDocs/Firmwares/XAVR/smart_trap_ultrasonic/Smart_trap_sonic/Smart_trap_sonic/ultrasonicStuffs.c **** 
 284               	.LM26:
 285 00be FF91      		pop r31
 286 00c0 EF91      		pop r30
 287 00c2 BF91      		pop r27
 288 00c4 AF91      		pop r26
 289 00c6 9F91      		pop r25
 290 00c8 8F91      		pop r24
 291 00ca 7F91      		pop r23
 292 00cc 6F91      		pop r22
 293 00ce 5F91      		pop r21
 294 00d0 4F91      		pop r20
 295 00d2 3F91      		pop r19
 296 00d4 2F91      		pop r18
 297 00d6 0F90      		pop r0
 298 00d8 0FBE      		out __SREG__,r0
 299 00da 0F90      		pop r0
 300 00dc 1F90      		pop r1
 301 00de 1895      		reti
 306               	.Lscope3:
 307               		.local	pulsecounts.1902
 308               		.comm	pulsecounts.1902,1,1
 309               		.local	mode
 310               		.comm	mode,1,1
 313               	.Letext0:
 314               		.ident	"GCC: (GNU) 4.9.3"
 315               	.global __do_clear_bss
DEFINED SYMBOLS
                            *ABS*:0000000000000000 ultrasonicStuffs.c
/var/folders/5n/sn67s4dx5cj3x2ns4qywc93r0000gn/T//ccmJAejQ.s:2      *ABS*:000000000000003e __SP_H__
/var/folders/5n/sn67s4dx5cj3x2ns4qywc93r0000gn/T//ccmJAejQ.s:3      *ABS*:000000000000003d __SP_L__
/var/folders/5n/sn67s4dx5cj3x2ns4qywc93r0000gn/T//ccmJAejQ.s:4      *ABS*:000000000000003f __SREG__
/var/folders/5n/sn67s4dx5cj3x2ns4qywc93r0000gn/T//ccmJAejQ.s:5      *ABS*:0000000000000000 __tmp_reg__
/var/folders/5n/sn67s4dx5cj3x2ns4qywc93r0000gn/T//ccmJAejQ.s:6      *ABS*:0000000000000001 __zero_reg__
/var/folders/5n/sn67s4dx5cj3x2ns4qywc93r0000gn/T//ccmJAejQ.s:121    .text:0000000000000000 make40K
/var/folders/5n/sn67s4dx5cj3x2ns4qywc93r0000gn/T//ccmJAejQ.s:183    .text:0000000000000046 wait4Rebound
/var/folders/5n/sn67s4dx5cj3x2ns4qywc93r0000gn/T//ccmJAejQ.s:211    .text:0000000000000062 __vector_11
/var/folders/5n/sn67s4dx5cj3x2ns4qywc93r0000gn/T//ccmJAejQ.s:308    .bss:0000000000000001 mode
                             .bss:0000000000000000 pulsecounts.1902

UNDEFINED SYMBOLS
__do_clear_bss
